++++++ Alpha Time: 237 ++++++
++++++ QoSChange: 0 ++++++
++++++ Reconfiguration: 0 ++++++
++++++ n0: 0 ++++++
++++++ n2: 0 ++++++
++++++ n3: 0 ++++++
++++++ n1: 0 ++++++
++++++ Capture: 1 ++++++
++++++ n5: 0 ++++++
++++++ n6: 1 ++++++
++++++ n4: 0 ++++++
++++++ n16: 0 ++++++
++++++ n10: 1 ++++++
++++++ n13: 0 ++++++
++++++ n7: 0 ++++++
++++++ Situation: 1 ++++++
++++++ AD_SPL_0: 5 ++++++
++++++ Sigma Time: 11 ++++++
Family-wide reliability decision diagram dumped at family-reliability.dot
Total analysis time: 372 ms
Total running time: 722 ms
